150419 09:52:24,150 [INFO ] [main] o.p.TimingLogger - start[1429408343275] time[873] tag[simpleExample]
150419 09:52:24,466 [INFO ] [main] o.p.TimingLogger - start[1429408344151] time[315] tag[simpleBlock]
150419 09:52:24,873 [DEBUG] [main] o.a.c.j.ExpressionFactory - Parsing expression: $0;
150419 09:52:24,875 [INFO ] [main] o.p.TimingLogger - start[1429408344467] time[408] tag[dynamicTag_iIsEven]
150419 09:52:25,139 [DEBUG] [main] o.a.c.j.ExpressionFactory - Parsing expression: $0 / 1000;
150419 09:52:25,143 [INFO ] [main] o.p.TimingLogger - start[1429408344876] time[266] tag[messageExample] message[Requested sleep time was 1.0 seconds]
150419 09:52:25,359 [INFO ] [main] o.p.TimingLogger - start[1429408345143] time[215] tag[failuresSeparatelyExample.success]
150419 09:52:26,149 [INFO ] [main] o.p.MyCustomLoggerName - start[1429408345360] time[789] tag[loggerExample]
150419 09:52:26,731 [INFO ] [main] o.p.TimingLogger - start[1429408346150] time[581] tag[simpleExample]
150419 09:52:26,873 [INFO ] [main] o.p.TimingLogger - start[1429408346731] time[142] tag[simpleBlock]
150419 09:52:27,546 [INFO ] [main] o.p.TimingLogger - start[1429408346874] time[672] tag[dynamicTag_iIsOdd]
150419 09:52:29,080 [INFO ] [main] o.p.TimingLogger - start[1429408347547] time[1533] tag[messageExample] message[Requested sleep time was 2.0 seconds]
150419 09:52:29,578 [INFO ] [main] o.p.TimingLogger - start[1429408349080] time[497] tag[failuresSeparatelyExample.failure]
150419 09:52:29,746 [INFO ] [main] o.p.MyCustomLoggerName - start[1429408349578] time[167] tag[loggerExample]
150419 09:52:30,441 [INFO ] [main] o.p.TimingLogger - start[1429408349746] time[695] tag[simpleExample]
150419 09:52:30,720 [INFO ] [main] o.p.TimingLogger - start[1429408350442] time[278] tag[simpleBlock]
150419 09:52:31,343 [INFO ] [main] o.p.TimingLogger - start[1429408350721] time[622] tag[dynamicTag_iIsEven]
150419 09:52:32,241 [INFO ] [main] o.p.TimingLogger - start[1429408351344] time[897] tag[messageExample] message[Requested sleep time was 1.0 seconds]
150419 09:52:32,742 [INFO ] [main] o.p.TimingLogger - start[1429408352242] time[500] tag[failuresSeparatelyExample.success]
150419 09:52:33,118 [INFO ] [main] o.p.MyCustomLoggerName - start[1429408352742] time[376] tag[loggerExample]
150419 09:52:33,297 [INFO ] [main] o.p.TimingLogger - start[1429408353119] time[178] tag[simpleExample]
150419 09:52:34,168 [INFO ] [main] o.p.TimingLogger - start[1429408353298] time[870] tag[simpleBlock]
150419 09:52:34,461 [INFO ] [main] o.p.TimingLogger - start[1429408354169] time[291] tag[dynamicTag_iIsOdd]
150419 09:52:35,675 [INFO ] [main] o.p.TimingLogger - start[1429408354461] time[1214] tag[messageExample] message[Requested sleep time was 2.0 seconds]
150419 09:52:36,363 [INFO ] [main] o.p.TimingLogger - start[1429408355676] time[687] tag[failuresSeparatelyExample.failure]
150419 09:52:36,464 [INFO ] [main] o.p.MyCustomLoggerName - start[1429408356363] time[100] tag[loggerExample]
150419 09:52:37,143 [INFO ] [main] o.p.TimingLogger - start[1429408356464] time[679] tag[simpleExample]
150419 09:52:37,562 [INFO ] [main] o.p.TimingLogger - start[1429408357144] time[417] tag[simpleBlock]
150419 09:52:38,092 [INFO ] [main] o.p.TimingLogger - start[1429408357562] time[529] tag[dynamicTag_iIsEven]
150419 09:52:38,984 [INFO ] [main] o.p.TimingLogger - start[1429408358092] time[892] tag[messageExample] message[Requested sleep time was 1.0 seconds]
150419 09:52:39,488 [INFO ] [main] o.p.TimingLogger - start[1429408358985] time[502] tag[failuresSeparatelyExample.success]
150419 09:52:39,934 [INFO ] [main] o.p.MyCustomLoggerName - start[1429408359488] time[445] tag[loggerExample]
150419 09:52:40,883 [INFO ] [main] o.p.TimingLogger - start[1429408359934] time[948] tag[simpleExample]
150419 09:52:41,325 [INFO ] [main] o.p.TimingLogger - start[1429408360883] time[441] tag[simpleBlock]
150419 09:52:41,524 [INFO ] [main] o.p.TimingLogger - start[1429408361325] time[198] tag[dynamicTag_iIsOdd]
150419 09:52:41,558 [INFO ] [main] o.p.TimingLogger - start[1429408361524] time[34] tag[messageExample] message[Requested sleep time was 2.0 seconds]
150419 09:52:42,425 [INFO ] [main] o.p.TimingLogger - start[1429408361558] time[866] tag[failuresSeparatelyExample.failure]
150419 09:52:43,271 [INFO ] [main] o.p.MyCustomLoggerName - start[1429408362425] time[846] tag[loggerExample]
150419 09:52:43,430 [INFO ] [main] o.p.TimingLogger - start[1429408363272] time[158] tag[simpleExample]
150419 09:52:43,790 [INFO ] [main] o.p.TimingLogger - start[1429408363430] time[360] tag[simpleBlock]
150419 09:52:44,748 [INFO ] [main] o.p.TimingLogger - start[1429408363791] time[957] tag[dynamicTag_iIsEven]
150419 09:52:45,350 [INFO ] [main] o.p.TimingLogger - start[1429408364748] time[601] tag[messageExample] message[Requested sleep time was 1.0 seconds]
150419 09:52:45,797 [INFO ] [main] o.p.TimingLogger - start[1429408365350] time[446] tag[failuresSeparatelyExample.success]
150419 09:52:46,756 [INFO ] [main] o.p.MyCustomLoggerName - start[1429408365798] time[957] tag[loggerExample]
150419 09:52:47,165 [INFO ] [main] o.p.TimingLogger - start[1429408366756] time[408] tag[simpleExample]
150419 09:52:47,465 [INFO ] [main] o.p.TimingLogger - start[1429408367165] time[300] tag[simpleBlock]
150419 09:52:48,145 [INFO ] [main] o.p.TimingLogger - start[1429408367466] time[679] tag[dynamicTag_iIsOdd]
150419 09:52:48,514 [INFO ] [main] o.p.TimingLogger - start[1429408368146] time[368] tag[messageExample] message[Requested sleep time was 2.0 seconds]
150419 09:52:49,415 [INFO ] [main] o.p.TimingLogger - start[1429408368515] time[900] tag[failuresSeparatelyExample.failure]
150419 09:52:49,735 [INFO ] [main] o.p.MyCustomLoggerName - start[1429408369416] time[319] tag[loggerExample]
150419 09:52:50,542 [INFO ] [main] o.p.TimingLogger - start[1429408369735] time[806] tag[simpleExample]
150419 09:52:51,439 [INFO ] [main] o.p.TimingLogger - start[1429408370542] time[897] tag[simpleBlock]
150419 09:52:51,866 [INFO ] [main] o.p.TimingLogger - start[1429408371440] time[426] tag[dynamicTag_iIsEven]
150419 09:52:52,326 [INFO ] [main] o.p.TimingLogger - start[1429408371867] time[458] tag[messageExample] message[Requested sleep time was 1.0 seconds]
150419 09:52:52,390 [INFO ] [main] o.p.TimingLogger - start[1429408372326] time[64] tag[failuresSeparatelyExample.success]
150419 09:52:53,277 [INFO ] [main] o.p.MyCustomLoggerName - start[1429408372391] time[886] tag[loggerExample]
150419 09:52:53,999 [INFO ] [main] o.p.TimingLogger - start[1429408373277] time[722] tag[simpleExample]
150419 09:52:54,134 [INFO ] [main] o.p.TimingLogger - start[1429408374000] time[134] tag[simpleBlock]
150419 09:52:54,504 [INFO ] [main] o.p.TimingLogger - start[1429408374134] time[370] tag[dynamicTag_iIsOdd]
150419 09:52:54,948 [INFO ] [main] o.p.TimingLogger - start[1429408374504] time[443] tag[messageExample] message[Requested sleep time was 2.0 seconds]
150419 09:52:55,158 [INFO ] [main] o.p.TimingLogger - start[1429408374949] time[209] tag[failuresSeparatelyExample.failure]
150419 09:52:55,614 [INFO ] [main] o.p.MyCustomLoggerName - start[1429408375158] time[455] tag[loggerExample]
150419 09:52:56,599 [INFO ] [main] o.p.TimingLogger - start[1429408375614] time[985] tag[simpleExample]
150419 09:52:56,887 [INFO ] [main] o.p.TimingLogger - start[1429408376600] time[287] tag[simpleBlock]
150419 09:52:57,489 [INFO ] [main] o.p.TimingLogger - start[1429408376887] time[602] tag[dynamicTag_iIsEven]
150419 09:52:58,228 [INFO ] [main] o.p.TimingLogger - start[1429408377490] time[738] tag[messageExample] message[Requested sleep time was 1.0 seconds]
150419 09:52:58,601 [INFO ] [main] o.p.TimingLogger - start[1429408378228] time[372] tag[failuresSeparatelyExample.success]
150419 09:52:58,626 [INFO ] [main] o.p.MyCustomLoggerName - start[1429408378601] time[25] tag[loggerExample]
150419 09:52:59,119 [INFO ] [main] o.p.TimingLogger - start[1429408378627] time[492] tag[simpleExample]
150419 09:52:59,412 [INFO ] [main] o.p.TimingLogger - start[1429408379119] time[293] tag[simpleBlock]
150419 09:53:00,175 [INFO ] [main] o.p.TimingLogger - start[1429408379413] time[762] tag[dynamicTag_iIsOdd]
150419 09:53:00,604 [INFO ] [main] o.p.TimingLogger - start[1429408380175] time[429] tag[messageExample] message[Requested sleep time was 2.0 seconds]
150419 09:53:01,156 [INFO ] [main] o.p.TimingLogger - start[1429408380605] time[551] tag[failuresSeparatelyExample.failure]
150419 09:53:01,232 [INFO ] [main] o.p.MyCustomLoggerName - start[1429408381156] time[75] tag[loggerExample]
150419 09:53:01,388 [INFO ] [main] o.p.TimingLogger - start[1429408381232] time[156] tag[simpleExample]
150419 09:53:02,287 [INFO ] [main] o.p.TimingLogger - start[1429408381389] time[898] tag[simpleBlock]
150419 09:53:02,506 [INFO ] [main] o.p.TimingLogger - start[1429408382287] time[218] tag[dynamicTag_iIsEven]
150419 09:53:03,211 [INFO ] [main] o.p.TimingLogger - start[1429408382506] time[704] tag[messageExample] message[Requested sleep time was 1.0 seconds]
150419 09:53:03,297 [INFO ] [main] o.p.TimingLogger - start[1429408383211] time[86] tag[failuresSeparatelyExample.success]
150419 09:53:04,243 [INFO ] [main] o.p.MyCustomLoggerName - start[1429408383297] time[945] tag[loggerExample]
150419 09:53:04,362 [INFO ] [main] o.p.TimingLogger - start[1429408384243] time[118] tag[simpleExample]
150419 09:53:04,960 [INFO ] [main] o.p.TimingLogger - start[1429408384362] time[598] tag[simpleBlock]
150419 09:53:05,694 [INFO ] [main] o.p.TimingLogger - start[1429408384961] time[733] tag[dynamicTag_iIsOdd]
150419 09:53:06,812 [INFO ] [main] o.p.TimingLogger - start[1429408385694] time[1118] tag[messageExample] message[Requested sleep time was 2.0 seconds]
150419 09:53:07,570 [INFO ] [main] o.p.TimingLogger - start[1429408386813] time[756] tag[failuresSeparatelyExample.failure]
150419 09:53:08,059 [INFO ] [main] o.p.MyCustomLoggerName - start[1429408387570] time[488] tag[loggerExample]
150419 09:53:08,790 [INFO ] [main] o.p.TimingLogger - start[1429408388059] time[731] tag[simpleExample]
150419 09:53:08,839 [INFO ] [main] o.p.TimingLogger - start[1429408388791] time[48] tag[simpleBlock]
150419 09:53:09,306 [INFO ] [main] o.p.TimingLogger - start[1429408388839] time[466] tag[dynamicTag_iIsEven]
150419 09:53:09,682 [INFO ] [main] o.p.TimingLogger - start[1429408389306] time[376] tag[messageExample] message[Requested sleep time was 1.0 seconds]
150419 09:53:09,922 [INFO ] [main] o.p.TimingLogger - start[1429408389683] time[239] tag[failuresSeparatelyExample.success]
150419 09:53:10,403 [INFO ] [main] o.p.MyCustomLoggerName - start[1429408389922] time[481] tag[loggerExample]
150419 09:53:11,366 [INFO ] [main] o.p.TimingLogger - start[1429408390404] time[962] tag[simpleExample]
150419 09:53:11,457 [INFO ] [main] o.p.TimingLogger - start[1429408391367] time[89] tag[simpleBlock]
150419 09:53:12,133 [INFO ] [main] o.p.TimingLogger - start[1429408391457] time[675] tag[dynamicTag_iIsOdd]
150419 09:53:14,027 [INFO ] [main] o.p.TimingLogger - start[1429408392133] time[1894] tag[messageExample] message[Requested sleep time was 2.0 seconds]
150419 09:53:14,355 [INFO ] [main] o.p.TimingLogger - start[1429408394027] time[328] tag[failuresSeparatelyExample.failure]
150419 09:53:15,271 [INFO ] [main] o.p.MyCustomLoggerName - start[1429408394356] time[914] tag[loggerExample]
150419 09:53:16,161 [INFO ] [main] o.p.TimingLogger - start[1429408395271] time[889] tag[simpleExample]
150419 09:53:16,206 [INFO ] [main] o.p.TimingLogger - start[1429408396161] time[44] tag[simpleBlock]
150419 09:53:16,923 [INFO ] [main] o.p.TimingLogger - start[1429408396206] time[717] tag[dynamicTag_iIsEven]
150419 09:53:17,393 [INFO ] [main] o.p.TimingLogger - start[1429408396924] time[468] tag[messageExample] message[Requested sleep time was 1.0 seconds]
150419 09:53:17,716 [INFO ] [main] o.p.TimingLogger - start[1429408397393] time[322] tag[failuresSeparatelyExample.success]
150419 09:53:18,541 [INFO ] [main] o.p.MyCustomLoggerName - start[1429408397716] time[824] tag[loggerExample]
150419 09:53:19,132 [INFO ] [main] o.p.TimingLogger - start[1429408398541] time[590] tag[simpleExample]
150419 09:53:20,011 [INFO ] [main] o.p.TimingLogger - start[1429408399132] time[879] tag[simpleBlock]
150419 09:53:20,227 [INFO ] [main] o.p.TimingLogger - start[1429408400012] time[215] tag[dynamicTag_iIsOdd]
150419 09:53:22,051 [INFO ] [main] o.p.TimingLogger - start[1429408400227] time[1823] tag[messageExample] message[Requested sleep time was 2.0 seconds]
150419 09:53:22,860 [INFO ] [main] o.p.TimingLogger - start[1429408402051] time[809] tag[failuresSeparatelyExample.failure]
150419 09:53:23,392 [INFO ] [main] o.p.MyCustomLoggerName - start[1429408402860] time[532] tag[loggerExample]
150419 09:53:24,160 [INFO ] [main] o.p.TimingLogger - start[1429408403393] time[767] tag[simpleExample]
150419 09:53:24,868 [INFO ] [main] o.p.TimingLogger - start[1429408404161] time[706] tag[simpleBlock]
150419 09:53:25,377 [INFO ] [main] o.p.TimingLogger - start[1429408404868] time[509] tag[dynamicTag_iIsEven]
150419 09:53:25,518 [INFO ] [main] o.p.TimingLogger - start[1429408405378] time[140] tag[messageExample] message[Requested sleep time was 1.0 seconds]
150419 09:53:26,175 [INFO ] [main] o.p.TimingLogger - start[1429408405518] time[656] tag[failuresSeparatelyExample.success]
150419 09:53:26,765 [INFO ] [main] o.p.MyCustomLoggerName - start[1429408406175] time[589] tag[loggerExample]
150419 09:53:27,051 [INFO ] [main] o.p.TimingLogger - start[1429408406765] time[285] tag[simpleExample]
150419 09:53:27,734 [INFO ] [main] o.p.TimingLogger - start[1429408407051] time[682] tag[simpleBlock]
150419 09:53:28,044 [INFO ] [main] o.p.TimingLogger - start[1429408407734] time[309] tag[dynamicTag_iIsOdd]
150419 09:53:29,694 [INFO ] [main] o.p.TimingLogger - start[1429408408044] time[1649] tag[messageExample] message[Requested sleep time was 2.0 seconds]
150419 09:53:30,497 [INFO ] [main] o.p.TimingLogger - start[1429408409694] time[802] tag[failuresSeparatelyExample.failure]
150419 09:53:31,255 [INFO ] [main] o.p.MyCustomLoggerName - start[1429408410497] time[757] tag[loggerExample]
150419 09:53:32,095 [INFO ] [main] o.p.TimingLogger - start[1429408411255] time[840] tag[simpleExample]
150419 09:53:32,523 [INFO ] [main] o.p.TimingLogger - start[1429408412096] time[427] tag[simpleBlock]
150419 09:53:33,206 [INFO ] [main] o.p.TimingLogger - start[1429408412523] time[682] tag[dynamicTag_iIsEven]
150419 09:53:33,458 [INFO ] [main] o.p.TimingLogger - start[1429408413206] time[251] tag[messageExample] message[Requested sleep time was 1.0 seconds]
150419 09:53:34,090 [INFO ] [main] o.p.TimingLogger - start[1429408413458] time[632] tag[failuresSeparatelyExample.success]
150419 09:53:34,692 [INFO ] [main] o.p.MyCustomLoggerName - start[1429408414090] time[602] tag[loggerExample]
150419 09:53:34,846 [INFO ] [main] o.p.TimingLogger - start[1429408414693] time[153] tag[simpleExample]
150419 09:53:35,710 [INFO ] [main] o.p.TimingLogger - start[1429408414847] time[863] tag[simpleBlock]
150419 09:53:35,811 [INFO ] [main] o.p.TimingLogger - start[1429408415711] time[100] tag[dynamicTag_iIsOdd]
150419 09:53:36,794 [INFO ] [main] o.p.TimingLogger - start[1429408415811] time[982] tag[messageExample] message[Requested sleep time was 2.0 seconds]
150419 09:53:37,516 [INFO ] [main] o.p.TimingLogger - start[1429408416795] time[720] tag[failuresSeparatelyExample.failure]
150419 09:53:38,366 [INFO ] [main] o.p.MyCustomLoggerName - start[1429408417516] time[850] tag[loggerExample]
150419 09:53:38,722 [INFO ] [main] o.p.TimingLogger - start[1429408418367] time[355] tag[simpleExample]
150419 09:53:39,586 [INFO ] [main] o.p.TimingLogger - start[1429408418722] time[863] tag[simpleBlock]
150419 09:53:40,423 [INFO ] [main] o.p.TimingLogger - start[1429408419586] time[836] tag[dynamicTag_iIsEven]
150419 09:53:41,005 [INFO ] [main] o.p.TimingLogger - start[1429408420423] time[581] tag[messageExample] message[Requested sleep time was 1.0 seconds]
150419 09:53:41,050 [INFO ] [main] o.p.TimingLogger - start[1429408421005] time[45] tag[failuresSeparatelyExample.success]
150419 09:53:41,130 [INFO ] [main] o.p.MyCustomLoggerName - start[1429408421051] time[79] tag[loggerExample]
150419 09:53:41,505 [INFO ] [main] o.p.TimingLogger - start[1429408421130] time[375] tag[simpleExample]
150419 09:53:42,457 [INFO ] [main] o.p.TimingLogger - start[1429408421506] time[951] tag[simpleBlock]
150419 09:53:43,365 [INFO ] [main] o.p.TimingLogger - start[1429408422457] time[907] tag[dynamicTag_iIsOdd]
150419 09:53:43,618 [INFO ] [main] o.p.TimingLogger - start[1429408423365] time[253] tag[messageExample] message[Requested sleep time was 2.0 seconds]
150419 09:53:44,123 [INFO ] [main] o.p.TimingLogger - start[1429408423619] time[504] tag[failuresSeparatelyExample.failure]
150419 09:53:44,502 [INFO ] [main] o.p.MyCustomLoggerName - start[1429408424124] time[378] tag[loggerExample]
150419 09:53:44,768 [INFO ] [main] o.p.TimingLogger - start[1429408424502] time[265] tag[simpleExample]
150419 09:53:45,563 [INFO ] [main] o.p.TimingLogger - start[1429408424768] time[794] tag[simpleBlock]
150419 09:53:46,000 [INFO ] [main] o.p.TimingLogger - start[1429408425564] time[436] tag[dynamicTag_iIsEven]
150419 09:53:46,201 [INFO ] [main] o.p.TimingLogger - start[1429408426000] time[201] tag[messageExample] message[Requested sleep time was 1.0 seconds]
150419 09:53:47,087 [INFO ] [main] o.p.TimingLogger - start[1429408426201] time[885] tag[failuresSeparatelyExample.success]
150419 09:53:47,128 [INFO ] [main] o.p.MyCustomLoggerName - start[1429408427087] time[40] tag[loggerExample]
150419 09:53:47,501 [INFO ] [main] o.p.TimingLogger - start[1429408427128] time[373] tag[simpleExample]
150419 09:53:48,037 [INFO ] [main] o.p.TimingLogger - start[1429408427501] time[535] tag[simpleBlock]
150419 09:53:48,517 [INFO ] [main] o.p.TimingLogger - start[1429408428037] time[479] tag[dynamicTag_iIsOdd]
150419 09:53:49,442 [INFO ] [main] o.p.TimingLogger - start[1429408428517] time[924] tag[messageExample] message[Requested sleep time was 2.0 seconds]
150419 09:53:50,387 [INFO ] [main] o.p.TimingLogger - start[1429408429442] time[945] tag[failuresSeparatelyExample.failure]
150419 09:53:50,649 [INFO ] [main] o.p.MyCustomLoggerName - start[1429408430388] time[261] tag[loggerExample]
150419 09:53:51,016 [INFO ] [main] o.p.TimingLogger - start[1429408430649] time[367] tag[simpleExample]
150419 09:53:51,385 [INFO ] [main] o.p.TimingLogger - start[1429408431017] time[368] tag[simpleBlock]
150419 09:53:51,697 [INFO ] [main] o.p.TimingLogger - start[1429408431385] time[311] tag[dynamicTag_iIsEven]
150419 09:53:52,335 [INFO ] [main] o.p.TimingLogger - start[1429408431697] time[637] tag[messageExample] message[Requested sleep time was 1.0 seconds]
150419 09:53:53,014 [INFO ] [main] o.p.TimingLogger - start[1429408432335] time[679] tag[failuresSeparatelyExample.success]
150419 09:53:53,316 [INFO ] [main] o.p.MyCustomLoggerName - start[1429408433015] time[301] tag[loggerExample]
150419 09:53:53,449 [INFO ] [main] o.p.TimingLogger - start[1429408433317] time[132] tag[simpleExample]
150419 09:53:53,683 [INFO ] [main] o.p.TimingLogger - start[1429408433450] time[233] tag[simpleBlock]
150419 09:53:54,547 [INFO ] [main] o.p.TimingLogger - start[1429408433683] time[863] tag[dynamicTag_iIsOdd]
150419 09:53:54,661 [INFO ] [main] o.p.TimingLogger - start[1429408434547] time[114] tag[messageExample] message[Requested sleep time was 2.0 seconds]
150419 09:53:55,256 [INFO ] [main] o.p.TimingLogger - start[1429408434662] time[594] tag[failuresSeparatelyExample.failure]
150419 09:53:55,490 [INFO ] [main] o.p.MyCustomLoggerName - start[1429408435257] time[233] tag[loggerExample]
150419 09:53:55,605 [INFO ] [main] o.p.TimingLogger - start[1429408435490] time[115] tag[simpleExample]
150419 09:53:55,732 [INFO ] [main] o.p.TimingLogger - start[1429408435606] time[126] tag[simpleBlock]
150419 09:53:56,461 [INFO ] [main] o.p.TimingLogger - start[1429408435732] time[728] tag[dynamicTag_iIsEven]
150419 09:53:57,378 [INFO ] [main] o.p.TimingLogger - start[1429408436462] time[916] tag[messageExample] message[Requested sleep time was 1.0 seconds]
150419 09:53:58,216 [INFO ] [main] o.p.TimingLogger - start[1429408437379] time[837] tag[failuresSeparatelyExample.success]
150419 09:53:58,508 [INFO ] [main] o.p.MyCustomLoggerName - start[1429408438216] time[291] tag[loggerExample]
150419 09:53:58,823 [INFO ] [main] o.p.TimingLogger - start[1429408438508] time[314] tag[simpleExample]
150419 09:53:58,910 [INFO ] [main] o.p.TimingLogger - start[1429408438823] time[86] tag[simpleBlock]
150419 09:53:59,062 [INFO ] [main] o.p.TimingLogger - start[1429408438910] time[152] tag[dynamicTag_iIsOdd]
150419 09:54:00,088 [INFO ] [main] o.p.TimingLogger - start[1429408439062] time[1025] tag[messageExample] message[Requested sleep time was 2.0 seconds]
150419 09:54:00,883 [INFO ] [main] o.p.TimingLogger - start[1429408440088] time[794] tag[failuresSeparatelyExample.failure]
150419 09:54:01,350 [INFO ] [main] o.p.MyCustomLoggerName - start[1429408440884] time[466] tag[loggerExample]
150419 09:54:02,346 [INFO ] [main] o.p.TimingLogger - start[1429408441350] time[995] tag[simpleExample]
150419 09:54:02,944 [INFO ] [main] o.p.TimingLogger - start[1429408442346] time[597] tag[simpleBlock]
150419 09:54:03,661 [INFO ] [main] o.p.TimingLogger - start[1429408442944] time[716] tag[dynamicTag_iIsEven]
150419 09:54:04,342 [INFO ] [main] o.p.TimingLogger - start[1429408443662] time[680] tag[messageExample] message[Requested sleep time was 1.0 seconds]
150419 09:54:04,703 [INFO ] [main] o.p.TimingLogger - start[1429408444343] time[359] tag[failuresSeparatelyExample.success]
150419 09:54:04,878 [INFO ] [main] o.p.MyCustomLoggerName - start[1429408444703] time[174] tag[loggerExample]
150419 09:54:05,312 [INFO ] [main] o.p.TimingLogger - start[1429408444878] time[433] tag[simpleExample]
150419 09:54:05,525 [INFO ] [main] o.p.TimingLogger - start[1429408445312] time[213] tag[simpleBlock]
150419 09:54:06,317 [INFO ] [main] o.p.TimingLogger - start[1429408445526] time[791] tag[dynamicTag_iIsOdd]
150419 09:54:07,013 [INFO ] [main] o.p.TimingLogger - start[1429408446318] time[694] tag[messageExample] message[Requested sleep time was 2.0 seconds]
150419 09:54:07,960 [INFO ] [main] o.p.TimingLogger - start[1429408447013] time[946] tag[failuresSeparatelyExample.failure]
150419 09:54:08,833 [INFO ] [main] o.p.MyCustomLoggerName - start[1429408447960] time[872] tag[loggerExample]
150419 09:54:09,182 [INFO ] [main] o.p.TimingLogger - start[1429408448833] time[349] tag[simpleExample]
150419 09:54:09,197 [INFO ] [main] o.p.TimingLogger - start[1429408449183] time[14] tag[simpleBlock]
150419 09:54:09,221 [INFO ] [main] o.p.TimingLogger - start[1429408449197] time[23] tag[dynamicTag_iIsEven]
150419 09:54:09,918 [INFO ] [main] o.p.TimingLogger - start[1429408449221] time[697] tag[messageExample] message[Requested sleep time was 1.0 seconds]
150419 09:54:10,745 [INFO ] [main] o.p.TimingLogger - start[1429408449919] time[826] tag[failuresSeparatelyExample.success]
150419 09:54:11,031 [INFO ] [main] o.p.MyCustomLoggerName - start[1429408450746] time[284] tag[loggerExample]
150419 09:54:12,018 [INFO ] [main] o.p.TimingLogger - start[1429408451031] time[987] tag[simpleExample]
150419 09:54:12,888 [INFO ] [main] o.p.TimingLogger - start[1429408452019] time[869] tag[simpleBlock]
150419 09:54:13,111 [INFO ] [main] o.p.TimingLogger - start[1429408452889] time[222] tag[dynamicTag_iIsOdd]
150419 09:54:14,238 [INFO ] [main] o.p.TimingLogger - start[1429408453111] time[1127] tag[messageExample] message[Requested sleep time was 2.0 seconds]
150419 09:54:15,081 [INFO ] [main] o.p.TimingLogger - start[1429408454239] time[842] tag[failuresSeparatelyExample.failure]
150419 09:54:15,278 [INFO ] [main] o.p.MyCustomLoggerName - start[1429408455082] time[196] tag[loggerExample]
150419 09:54:15,370 [INFO ] [main] o.p.TimingLogger - start[1429408455278] time[92] tag[simpleExample]
150419 09:54:16,258 [INFO ] [main] o.p.TimingLogger - start[1429408455371] time[887] tag[simpleBlock]
150419 09:54:17,015 [INFO ] [main] o.p.TimingLogger - start[1429408456258] time[757] tag[dynamicTag_iIsEven]
150419 09:54:17,951 [INFO ] [main] o.p.TimingLogger - start[1429408457015] time[935] tag[messageExample] message[Requested sleep time was 1.0 seconds]
150419 09:54:18,611 [INFO ] [main] o.p.TimingLogger - start[1429408457952] time[659] tag[failuresSeparatelyExample.success]
150419 09:54:19,420 [INFO ] [main] o.p.MyCustomLoggerName - start[1429408458611] time[808] tag[loggerExample]
150419 09:54:19,644 [INFO ] [main] o.p.TimingLogger - start[1429408459420] time[223] tag[simpleExample]
150419 09:54:19,911 [INFO ] [main] o.p.TimingLogger - start[1429408459645] time[266] tag[simpleBlock]
150419 09:54:20,166 [INFO ] [main] o.p.TimingLogger - start[1429408459911] time[255] tag[dynamicTag_iIsOdd]
150419 09:54:21,553 [INFO ] [main] o.p.TimingLogger - start[1429408460167] time[1386] tag[messageExample] message[Requested sleep time was 2.0 seconds]
150419 09:54:22,217 [INFO ] [main] o.p.TimingLogger - start[1429408461554] time[663] tag[failuresSeparatelyExample.failure]
150419 09:54:22,702 [INFO ] [main] o.p.MyCustomLoggerName - start[1429408462218] time[484] tag[loggerExample]
150419 09:54:22,703 [INFO ] [main] o.p.TimingLogger - start[1429408462702] time[1] tag[simpleExample]
150419 09:54:23,292 [INFO ] [main] o.p.TimingLogger - start[1429408462704] time[588] tag[simpleBlock]
150419 09:54:23,901 [INFO ] [main] o.p.TimingLogger - start[1429408463292] time[608] tag[dynamicTag_iIsEven]
150419 09:54:24,018 [INFO ] [main] o.p.TimingLogger - start[1429408463901] time[116] tag[messageExample] message[Requested sleep time was 1.0 seconds]
150419 09:54:24,418 [INFO ] [main] o.p.TimingLogger - start[1429408464018] time[400] tag[failuresSeparatelyExample.success]
150419 09:54:25,329 [INFO ] [main] o.p.MyCustomLoggerName - start[1429408464418] time[910] tag[loggerExample]
150419 09:54:25,397 [INFO ] [main] o.p.TimingLogger - start[1429408465330] time[67] tag[simpleExample]
150419 09:54:25,870 [INFO ] [main] o.p.TimingLogger - start[1429408465397] time[472] tag[simpleBlock]
150419 09:54:26,716 [INFO ] [main] o.p.TimingLogger - start[1429408465870] time[846] tag[dynamicTag_iIsOdd]
150419 09:54:26,881 [INFO ] [main] o.p.TimingLogger - start[1429408466716] time[164] tag[messageExample] message[Requested sleep time was 2.0 seconds]
150419 09:54:27,019 [INFO ] [main] o.p.TimingLogger - start[1429408466881] time[138] tag[failuresSeparatelyExample.failure]
150419 09:54:27,836 [INFO ] [main] o.p.MyCustomLoggerName - start[1429408467019] time[816] tag[loggerExample]
150419 09:54:28,794 [INFO ] [main] o.p.TimingLogger - start[1429408467836] time[958] tag[simpleExample]
150419 09:54:29,729 [INFO ] [main] o.p.TimingLogger - start[1429408468795] time[934] tag[simpleBlock]
150419 09:54:30,192 [INFO ] [main] o.p.TimingLogger - start[1429408469729] time[462] tag[dynamicTag_iIsEven]
150419 09:54:30,446 [INFO ] [main] o.p.TimingLogger - start[1429408470192] time[254] tag[messageExample] message[Requested sleep time was 1.0 seconds]
150419 09:54:30,468 [INFO ] [main] o.p.TimingLogger - start[1429408470447] time[21] tag[failuresSeparatelyExample.success]
150419 09:54:30,530 [INFO ] [main] o.p.MyCustomLoggerName - start[1429408470469] time[61] tag[loggerExample]
150419 09:54:31,179 [INFO ] [main] o.p.TimingLogger - start[1429408470530] time[649] tag[simpleExample]
150419 09:54:31,819 [INFO ] [main] o.p.TimingLogger - start[1429408471179] time[639] tag[simpleBlock]
150419 09:54:32,554 [INFO ] [main] o.p.TimingLogger - start[1429408471820] time[733] tag[dynamicTag_iIsOdd]
150419 09:54:33,769 [INFO ] [main] o.p.TimingLogger - start[1429408472554] time[1215] tag[messageExample] message[Requested sleep time was 2.0 seconds]
150419 09:54:34,105 [INFO ] [main] o.p.TimingLogger - start[1429408473769] time[335] tag[failuresSeparatelyExample.failure]
150419 09:54:34,400 [INFO ] [main] o.p.MyCustomLoggerName - start[1429408474106] time[293] tag[loggerExample]
150419 09:54:35,374 [INFO ] [main] o.p.TimingLogger - start[1429408474400] time[974] tag[simpleExample]
150419 09:54:36,294 [INFO ] [main] o.p.TimingLogger - start[1429408475374] time[919] tag[simpleBlock]
150419 09:54:36,517 [INFO ] [main] o.p.TimingLogger - start[1429408476294] time[222] tag[dynamicTag_iIsEven]
150419 09:54:36,593 [INFO ] [main] o.p.TimingLogger - start[1429408476517] time[76] tag[messageExample] message[Requested sleep time was 1.0 seconds]
150419 09:54:36,821 [INFO ] [main] o.p.TimingLogger - start[1429408476593] time[227] tag[failuresSeparatelyExample.success]
150419 09:54:37,128 [INFO ] [main] o.p.MyCustomLoggerName - start[1429408476821] time[306] tag[loggerExample]
150419 09:54:38,105 [INFO ] [main] o.p.TimingLogger - start[1429408477128] time[977] tag[simpleExample]
150419 09:54:38,532 [INFO ] [main] o.p.TimingLogger - start[1429408478106] time[425] tag[simpleBlock]
150419 09:54:39,423 [INFO ] [main] o.p.TimingLogger - start[1429408478532] time[891] tag[dynamicTag_iIsOdd]
150419 09:54:40,782 [INFO ] [main] o.p.TimingLogger - start[1429408479423] time[1358] tag[messageExample] message[Requested sleep time was 2.0 seconds]
150419 09:54:41,418 [INFO ] [main] o.p.TimingLogger - start[1429408480783] time[635] tag[failuresSeparatelyExample.failure]
150419 09:54:41,717 [INFO ] [main] o.p.MyCustomLoggerName - start[1429408481419] time[298] tag[loggerExample]
150419 09:54:42,424 [INFO ] [main] o.p.TimingLogger - start[1429408481718] time[706] tag[simpleExample]
150419 09:54:42,663 [INFO ] [main] o.p.TimingLogger - start[1429408482425] time[238] tag[simpleBlock]
150419 09:54:43,418 [INFO ] [main] o.p.TimingLogger - start[1429408482664] time[753] tag[dynamicTag_iIsEven]
150419 09:54:43,956 [INFO ] [main] o.p.TimingLogger - start[1429408483418] time[538] tag[messageExample] message[Requested sleep time was 1.0 seconds]
150419 09:54:44,096 [INFO ] [main] o.p.TimingLogger - start[1429408483957] time[139] tag[failuresSeparatelyExample.success]
150419 09:54:44,549 [INFO ] [main] o.p.MyCustomLoggerName - start[1429408484096] time[453] tag[loggerExample]
150419 09:54:44,928 [INFO ] [main] o.p.TimingLogger - start[1429408484550] time[378] tag[simpleExample]
150419 09:54:45,048 [INFO ] [main] o.p.TimingLogger - start[1429408484929] time[119] tag[simpleBlock]
150419 09:54:45,755 [INFO ] [main] o.p.TimingLogger - start[1429408485048] time[706] tag[dynamicTag_iIsOdd]
150419 09:54:46,770 [INFO ] [main] o.p.TimingLogger - start[1429408485755] time[1014] tag[messageExample] message[Requested sleep time was 2.0 seconds]
150419 09:54:47,343 [INFO ] [main] o.p.TimingLogger - start[1429408486770] time[572] tag[failuresSeparatelyExample.failure]
150419 09:54:48,208 [INFO ] [main] o.p.MyCustomLoggerName - start[1429408487343] time[865] tag[loggerExample]
150419 09:54:49,019 [INFO ] [main] o.p.TimingLogger - start[1429408488209] time[810] tag[simpleExample]
150419 09:54:49,107 [INFO ] [main] o.p.TimingLogger - start[1429408489019] time[87] tag[simpleBlock]
150419 09:54:49,194 [INFO ] [main] o.p.TimingLogger - start[1429408489107] time[86] tag[dynamicTag_iIsEven]
150419 09:54:49,906 [INFO ] [main] o.p.TimingLogger - start[1429408489194] time[712] tag[messageExample] message[Requested sleep time was 1.0 seconds]
150419 09:54:50,810 [INFO ] [main] o.p.TimingLogger - start[1429408489907] time[903] tag[failuresSeparatelyExample.success]
150419 09:54:51,629 [INFO ] [main] o.p.MyCustomLoggerName - start[1429408490811] time[818] tag[loggerExample]
150419 09:54:52,197 [INFO ] [main] o.p.TimingLogger - start[1429408491629] time[567] tag[simpleExample]
150419 09:54:52,485 [INFO ] [main] o.p.TimingLogger - start[1429408492197] time[288] tag[simpleBlock]
150419 09:54:52,954 [INFO ] [main] o.p.TimingLogger - start[1429408492486] time[468] tag[dynamicTag_iIsOdd]
150419 09:54:54,867 [INFO ] [main] o.p.TimingLogger - start[1429408492955] time[1912] tag[messageExample] message[Requested sleep time was 2.0 seconds]
150419 09:54:55,398 [INFO ] [main] o.p.TimingLogger - start[1429408494867] time[531] tag[failuresSeparatelyExample.failure]
150419 09:54:56,053 [INFO ] [main] o.p.MyCustomLoggerName - start[1429408495399] time[654] tag[loggerExample]
150419 09:54:56,609 [INFO ] [main] o.p.TimingLogger - start[1429408496053] time[555] tag[simpleExample]
150419 09:54:57,529 [INFO ] [main] o.p.TimingLogger - start[1429408496609] time[920] tag[simpleBlock]
150419 09:54:57,777 [INFO ] [main] o.p.TimingLogger - start[1429408497530] time[247] tag[dynamicTag_iIsEven]
150419 09:54:58,073 [INFO ] [main] o.p.TimingLogger - start[1429408497777] time[295] tag[messageExample] message[Requested sleep time was 1.0 seconds]
150419 09:54:58,470 [INFO ] [main] o.p.TimingLogger - start[1429408498073] time[397] tag[failuresSeparatelyExample.success]
150419 09:54:58,599 [INFO ] [main] o.p.MyCustomLoggerName - start[1429408498470] time[128] tag[loggerExample]
150419 09:54:59,152 [INFO ] [main] o.p.TimingLogger - start[1429408498600] time[552] tag[simpleExample]
150419 09:54:59,205 [INFO ] [main] o.p.TimingLogger - start[1429408499153] time[51] tag[simpleBlock]
150419 09:55:00,142 [INFO ] [main] o.p.TimingLogger - start[1429408499205] time[937] tag[dynamicTag_iIsOdd]
150419 09:55:00,377 [INFO ] [main] o.p.TimingLogger - start[1429408500142] time[235] tag[messageExample] message[Requested sleep time was 2.0 seconds]
150419 09:55:00,986 [INFO ] [main] o.p.TimingLogger - start[1429408500378] time[608] tag[failuresSeparatelyExample.failure]
150419 09:55:01,533 [INFO ] [main] o.p.MyCustomLoggerName - start[1429408500987] time[546] tag[loggerExample]
150419 09:55:02,442 [INFO ] [main] o.p.TimingLogger - start[1429408501534] time[908] tag[simpleExample]
150419 09:55:02,824 [INFO ] [main] o.p.TimingLogger - start[1429408502442] time[381] tag[simpleBlock]
150419 09:55:03,370 [INFO ] [main] o.p.TimingLogger - start[1429408502825] time[545] tag[dynamicTag_iIsEven]
150419 09:55:04,172 [INFO ] [main] o.p.TimingLogger - start[1429408503370] time[801] tag[messageExample] message[Requested sleep time was 1.0 seconds]
150419 09:55:04,674 [INFO ] [main] o.p.TimingLogger - start[1429408504172] time[501] tag[failuresSeparatelyExample.success]
150419 09:55:05,137 [INFO ] [main] o.p.MyCustomLoggerName - start[1429408504674] time[463] tag[loggerExample]
150419 09:55:06,115 [INFO ] [main] o.p.TimingLogger - start[1429408505138] time[977] tag[simpleExample]
150419 09:55:06,264 [INFO ] [main] o.p.TimingLogger - start[1429408506115] time[148] tag[simpleBlock]
150419 09:55:06,825 [INFO ] [main] o.p.TimingLogger - start[1429408506264] time[560] tag[dynamicTag_iIsOdd]
150419 09:55:08,403 [INFO ] [main] o.p.TimingLogger - start[1429408506825] time[1577] tag[messageExample] message[Requested sleep time was 2.0 seconds]
150419 09:55:08,804 [INFO ] [main] o.p.TimingLogger - start[1429408508403] time[401] tag[failuresSeparatelyExample.failure]
150419 09:55:09,067 [INFO ] [main] o.p.MyCustomLoggerName - start[1429408508805] time[262] tag[loggerExample]
150419 12:30:12,055 [DEBUG] [main] o.a.c.j.ExpressionFactory - Parsing expression: $0;
150419 12:30:12,342 [DEBUG] [main] o.a.c.j.ExpressionFactory - Parsing expression: $0 / 1000;
150419 12:30:13,131 [INFO ] [main] o.p.MyCustomLoggerName - start[1429417812616] time[514] tag[loggerExample]
150419 12:30:17,569 [INFO ] [main] o.p.MyCustomLoggerName - start[1429417817500] time[69] tag[loggerExample]
150419 12:30:20,758 [INFO ] [main] o.p.MyCustomLoggerName - start[1429417820282] time[476] tag[loggerExample]
150419 12:30:24,271 [INFO ] [main] o.p.MyCustomLoggerName - start[1429417823519] time[751] tag[loggerExample]
150419 12:30:26,662 [INFO ] [main] o.p.MyCustomLoggerName - start[1429417826153] time[508] tag[loggerExample]
150419 12:30:31,033 [INFO ] [main] o.p.MyCustomLoggerName - start[1429417830868] time[165] tag[loggerExample]
150419 12:30:33,381 [INFO ] [main] o.p.MyCustomLoggerName - start[1429417833082] time[299] tag[loggerExample]
150419 12:30:37,298 [INFO ] [main] o.p.MyCustomLoggerName - start[1429417836912] time[385] tag[loggerExample]
150419 12:30:41,519 [INFO ] [main] o.p.MyCustomLoggerName - start[1429417840554] time[964] tag[loggerExample]
150419 12:30:44,927 [INFO ] [main] o.p.MyCustomLoggerName - start[1429417844873] time[54] tag[loggerExample]
